SYS@orlsol00_prdbak>SELECT DBMS_AUTO_SQLTUNE.REPORT_AUTO_TUNING_TASK FROM DUAL;

REPORT_AUTO_TUNING_TASK
--------------------------------------------------------------------------------
GENERAL INFORMATION SECTION
-------------------------------------------------------------------------------
Tuning Task Name                        : SYS_AUTO_SQL_TUNING_TASK
Tuning Task Owner                       : SYS
Workload Type                           : Automatic High-Load SQL Workload
Execution Count                         : 12
Current Execution                       : EXEC_12074
Execution Type                          : TUNE SQL
Scope                                   : COMPREHENSIVE
Global Time Limit(seconds)              : 14400
Per-SQL Time Limit(seconds)             : 7200
Completion Status                       : COMPLETED
Started at                              : 02/13/2019 09:55:00
Completed at                            : 02/13/2019 09:55:13
Number of Candidate SQLs                : 201
Cumulative Elapsed Time of SQL (s)      : 642837

-------------------------------------------------------------------------------
There are no recommendations to improve the statements in the workload.

-------------------------------------------------------------------------------


SYS@orlsol00_prdbak>@q_longops

       SID USERNAME             SQL_ID        SQL_HASH_VALUE SQL_PLAN_HASH_VALUE    SERIAL# OPNAME                              SOFAR  TOTALWORK TIME_REMAINING ELAPSED_SECONDS
---------- -------------------- ------------- -------------- ------------------- ---------- ------------------------------ ---------- ---------- -------------- ---------------
       360 SYS                  btdqzd811dhqx       35046109           494891052      15696 Table Scan                         394830     507712              5              16
       360 SYS                  btdqzd811dhqx       35046109           494891052      15696 Table Scan                         409448     409448              0              17
       360 SYS                  btdqzd811dhqx       35046109           494891052      15696 Table Scan                         597759     597759              0              26
       360 SYS                  btdqzd811dhqx       35046109           494891052      15696 Sort Output                         76072      76072              0               8
       360 SYS                  btdqzd811dhqx       35046109          3470745917      15696 Table Scan                         338703     507712              7              14
       360 SYS                  btdqzd811dhqx       35046109           494891052      15696 Table Scan                         654919     654919              0              14
       360 SYS                  btdqzd811dhqx       35046109           494891052      15696 Table Scan                         597759     597759              0              19
       360 SYS                  btdqzd811dhqx       35046109          3470745917      15696 Table Scan                         263966     409448              6              10
       360 SYS                  btdqzd811dhqx       35046109           494891052      15696 Table Scan                         507712     507712              0              21
       360 SYS                  btdqzd811dhqx       35046109           494891052      15696 Index Fast Full Scan                40589      40589              0               7
       360 SYS                  btdqzd811dhqx       35046109          3470745917      15696 Table Scan                         409448     409448              0              17

11 rows selected.

SYS@orlsol00_prdbak>@q_xplan_4_sql_id
SP2-0310: unable to open file "q_xplan_4_sql_id.sql"
SYS@orlsol00_prdbak>btdqzd811dhqx
SP2-0734: unknown command beginning "btdqzd811d..." - rest of line ignored.
SYS@orlsol00_prdbak>@q_xplan_4_sql_id
SP2-0310: unable to open file "q_xplan_4_sql_id.sql"
SYS@orlsol00_prdbak>exit
